<?xml version="1.0" encoding="UTF-8"?>
<testng-results ignored="0" total="1" passed="1" failed="0" skipped="0">
  <reporter-output>
  </reporter-output>
  <suite started-at="2025-05-26T16:30:31 IST" name="Suite" finished-at="2025-05-26T16:31:29 IST" duration-ms="58453">
    <groups>
    </groups>
    <test started-at="2025-05-26T16:30:31 IST" name="Test" finished-at="2025-05-26T16:31:29 IST" duration-ms="58453">
      <class name="tests.LoginTest">
        <test-method is-config="true" signature="launchApp()[pri:0, instance:tests.LoginTest@2e61d218]" started-at="2025-05-26T16:30:31 IST" name="launchApp" finished-at="2025-05-26T16:30:44 IST" duration-ms="13434" status="PASS">
          <reporter-output>
          </reporter-output>
        </test-method> <!-- launchApp -->
        <test-method signature="VerifyAdminMenu()[pri:0, instance:tests.LoginTest@2e61d218]" started-at="2025-05-26T16:30:44 IST" name="VerifyAdminMenu" finished-at="2025-05-26T16:31:23 IST" duration-ms="38147" status="PASS">
          <reporter-output>
          </reporter-output>
        </test-method> <!-- VerifyAdminMenu -->
        <test-method is-config="true" signature="closeApp()[pri:0, instance:tests.LoginTest@2e61d218]" started-at="2025-05-26T16:31:23 IST" name="closeApp" finished-at="2025-05-26T16:31:29 IST" duration-ms="6747" status="PASS">
          <reporter-output>
          </reporter-output>
        </test-method> <!-- closeApp -->
      </class> <!-- tests.LoginTest -->
    </test> <!-- Test -->
  </suite> <!-- Suite -->
</testng-results>
